[11:31:13] [main/INFO]: No arguments specified, assuming client.
[11:31:13] [main/INFO]: Extra: []
[11:31:13] [main/INFO]: Running with arguments: [--userProperties, {}, --assetsDir, C:/Users/ben_000/.gradle/caches/minecraft/assets, --assetIndex, 1.7.10, --accessToken, {REDACTED}, --version, 1.7.10, --tweakClass, cpw.mods.fml.common.launcher.FMLTweaker, --username, ForgeDevName]
[11:31:13] [main/INFO]: Loading tweak class name cpw.mods.fml.common.launcher.FMLTweaker
[11:31:13] [main/INFO]: Using primary tweak class name cpw.mods.fml.common.launcher.FMLTweaker
[11:31:13] [main/INFO]: Calling tweak class cpw.mods.fml.common.launcher.FMLTweaker
[11:31:13] [main/INFO]: Forge Mod Loader version 7.10.24.1187 for Minecraft 1.7.10 loading
[11:31:13] [main/INFO]: Java is Java HotSpot(TM) 64-Bit Server VM, version 1.8.0_05, running on Windows 8:amd64:6.2, installed at C:\Program Files\Java\jdk1.8.0_05\jre
[11:31:13] [main/INFO]: Managed to load a deobfuscated Minecraft name- we are in a deobfuscated environment. Skipping runtime deobfuscation
[11:31:13] [main/INFO]: Loading tweak class name cpw.mods.fml.common.launcher.FMLInjectionAndSortingTweaker
[11:31:13] [main/INFO]: Loading tweak class name cpw.mods.fml.common.launcher.FMLDeobfTweaker
[11:31:13] [main/INFO]: Calling tweak class cpw.mods.fml.common.launcher.FMLInjectionAndSortingTweaker
[11:31:13] [main/INFO]: Calling tweak class cpw.mods.fml.common.launcher.FMLInjectionAndSortingTweaker
[11:31:13] [main/INFO]: Calling tweak class cpw.mods.fml.relauncher.CoreModManager$FMLPluginWrapper
[11:31:13] [main/ERROR]: The binary patch set is missing. Either you are in a development environment, or things are not going to work!
[11:31:15] [main/ERROR]: The minecraft jar file:/C:/Users/ben_000/.gradle/caches/minecraft/net/minecraftforge/forge/1.7.10-10.13.0.1187/forgeBin-1.7.10-10.13.0.1187.jar!/net/minecraft/client/ClientBrandRetriever.class appears to be corrupt! There has been CRITICAL TAMPERING WITH MINECRAFT, it is highly unlikely minecraft will work! STOP NOW, get a clean copy and try again!
[11:31:15] [main/ERROR]: FML has been ordered to ignore the invalid or missing minecraft certificate. This is very likely to cause a problem!
[11:31:15] [main/ERROR]: Technical information: ClientBrandRetriever was at jar:file:/C:/Users/ben_000/.gradle/caches/minecraft/net/minecraftforge/forge/1.7.10-10.13.0.1187/forgeBin-1.7.10-10.13.0.1187.jar!/net/minecraft/client/ClientBrandRetriever.class, there were 0 certificates for it
[11:31:15] [main/ERROR]: FML appears to be missing any signature data. This is not a good thing
[11:31:15] [main/INFO]: Calling tweak class cpw.mods.fml.relauncher.CoreModManager$FMLPluginWrapper
[11:31:15] [main/INFO]: Calling tweak class cpw.mods.fml.common.launcher.FMLDeobfTweaker
[11:31:15] [main/INFO]: Loading tweak class name cpw.mods.fml.common.launcher.TerminalTweaker
[11:31:15] [main/INFO]: Calling tweak class cpw.mods.fml.common.launcher.TerminalTweaker
[11:31:15] [main/INFO]: Launching wrapped minecraft {net.minecraft.client.main.Main}
[11:31:17] [main/INFO]: Setting user: ForgeDevName
[11:31:18] [Client thread/INFO]: LWJGL Version: 2.9.1
[11:31:19] [Client thread/INFO]: Attempting early MinecraftForge initialization
[11:31:19] [Client thread/INFO]: MinecraftForge v10.13.0.1187 Initialized
[11:31:19] [Client thread/INFO]: Replaced 182 ore recipies
[11:31:19] [Client thread/INFO]: Completed early MinecraftForge initialization
[11:31:19] [Client thread/INFO]: Config directory created successfully
[11:31:20] [Client thread/INFO]: Searching C:\Users\ben_000\Documents\workspaces\forge\gmod\mods for mods
[11:31:20] [Client thread/INFO]: Mod examplemod is missing the required element 'name'. Substituting examplemod
[11:31:21] [Client thread/ERROR]: FML has detected a mod that is using a package name based on 'net.minecraft.src' : net.minecraft.src.FMLRenderAccessLibrary. This is generally a severe programming error.  There should be no mod code in the minecraft namespace. MOVE YOUR MOD! If you're in eclipse, select your source code and 'refactor' it into a new package. Go on. DO IT NOW!
[11:31:21] [Client thread/ERROR]: FML has detected a mod that is using a package name based on 'net.minecraft.src' : net.minecraft.src.Start. This is generally a severe programming error.  There should be no mod code in the minecraft namespace. MOVE YOUR MOD! If you're in eclipse, select your source code and 'refactor' it into a new package. Go on. DO IT NOW!
[11:31:22] [Client thread/INFO]: Forge Mod Loader has identified 5 mods to load
[11:31:23] [Client thread/INFO]: Reloading ResourceManager: Default, FMLFileResourcePack:Forge Mod Loader, FMLFileResourcePack:Minecraft Forge, FMLFileResourcePack:examplemod, FMLFileResourcePack:GeeMod
[11:31:23] [Client thread/INFO]: Processing ObjectHolder annotations
[11:31:23] [Client thread/INFO]: Found 341 ObjectHolder annotations
[11:31:23] [Client thread/INFO]: Configured a dormant chunk cache size of 0
[11:31:23] [Client thread/INFO]: Applying holder lookups
[11:31:23] [Client thread/INFO]: Holder lookups applied
[11:31:24] [Sound Library Loader/INFO]: Sound engine started
[11:31:25] [Client thread/INFO]: Created: 512x256 textures/blocks-atlas
[11:31:25] [Client thread/INFO]: Created: 256x256 textures/items-atlas
[11:31:25] [Client thread/INFO]: Forge Mod Loader has successfully loaded 5 mods
[11:31:25] [Client thread/INFO]: Reloading ResourceManager: Default, FMLFileResourcePack:Forge Mod Loader, FMLFileResourcePack:Minecraft Forge, FMLFileResourcePack:examplemod, FMLFileResourcePack:GeeMod
[11:31:25] [Client thread/INFO]: Created: 512x256 textures/blocks-atlas
[11:31:25] [Client thread/INFO]: Created: 256x256 textures/items-atlas
[11:31:26] [Sound Library Loader/INFO]: Sound engine started
[11:31:33] [Thread-7/WARN]: =============================================================
[11:31:33] [Thread-7/WARN]: MOD HAS DIRECT REFERENCE System.exit() THIS IS NOT ALLOWED REROUTING TO FMLCommonHandler!
[11:31:33] [Thread-7/WARN]: Offendor: com/jcraft/jogg/Buffer.report(Ljava/lang/String;)V
[11:31:33] [Thread-7/WARN]: =============================================================
[11:31:40] [Client thread/INFO]: Stopping!
